# Logfile created on 2014-04-07 13:20:46 -0700 by logger.rb/31641
I, [2014-04-07T13:20:46.975122 #1353]  INFO -- : 0:  rake (10.1.0) from /Users/jessicairgens/.rvm/gems/ruby-1.9.3-p448@global/specifications/rake-10.1.0.gemspec
I, [2014-04-07T13:20:46.975965 #1353]  INFO -- : 0:  i18n (0.6.4) from /Users/jessicairgens/.rvm/gems/ruby-1.9.3-p448/specifications/i18n-0.6.4.gemspec
I, [2014-04-07T13:20:46.976631 #1353]  INFO -- : 0:  minitest (4.7.5) from /Users/jessicairgens/.rvm/gems/ruby-1.9.3-p448/specifications/minitest-4.7.5.gemspec
I, [2014-04-07T13:20:46.977285 #1353]  INFO -- : 0:  multi_json (1.7.7) from /Users/jessicairgens/.rvm/gems/ruby-1.9.3-p448/specifications/multi_json-1.7.7.gemspec
I, [2014-04-07T13:20:46.977907 #1353]  INFO -- : 0:  atomic (1.1.10) from /Users/jessicairgens/.rvm/gems/ruby-1.9.3-p448/specifications/atomic-1.1.10.gemspec
I, [2014-04-07T13:20:46.978526 #1353]  INFO -- : 0:  thread_safe (0.1.0) from /Users/jessicairgens/.rvm/gems/ruby-1.9.3-p448/specifications/thread_safe-0.1.0.gemspec
I, [2014-04-07T13:20:46.979144 #1353]  INFO -- : 0:  tzinfo (0.3.37) from /Users/jessicairgens/.rvm/gems/ruby-1.9.3-p448/specifications/tzinfo-0.3.37.gemspec
I, [2014-04-07T13:20:46.979763 #1353]  INFO -- : 0:  activesupport (4.0.0) from /Users/jessicairgens/.rvm/gems/ruby-1.9.3-p448/specifications/activesupport-4.0.0.gemspec
I, [2014-04-07T13:20:46.980411 #1353]  INFO -- : 0:  builder (3.1.4) from /Users/jessicairgens/.rvm/gems/ruby-1.9.3-p448/specifications/builder-3.1.4.gemspec
I, [2014-04-07T13:20:46.981013 #1353]  INFO -- : 0:  erubis (2.7.0) from /Users/jessicairgens/.rvm/gems/ruby-1.9.3-p448/specifications/erubis-2.7.0.gemspec
I, [2014-04-07T13:20:46.981706 #1353]  INFO -- : 0:  rack (1.5.2) from /Users/jessicairgens/.rvm/gems/ruby-1.9.3-p448/specifications/rack-1.5.2.gemspec
I, [2014-04-07T13:20:46.982325 #1353]  INFO -- : 0:  rack-test (0.6.2) from /Users/jessicairgens/.rvm/gems/ruby-1.9.3-p448/specifications/rack-test-0.6.2.gemspec
I, [2014-04-07T13:20:46.982886 #1353]  INFO -- : 0:  actionpack (4.0.0) from /Users/jessicairgens/.rvm/gems/ruby-1.9.3-p448/specifications/actionpack-4.0.0.gemspec
I, [2014-04-07T13:20:46.983442 #1353]  INFO -- : 0:  mime-types (1.23) from /Users/jessicairgens/.rvm/gems/ruby-1.9.3-p448/specifications/mime-types-1.23.gemspec
I, [2014-04-07T13:20:46.983941 #1353]  INFO -- : 0:  polyglot (0.3.3) from /Users/jessicairgens/.rvm/gems/ruby-1.9.3-p448/specifications/polyglot-0.3.3.gemspec
I, [2014-04-07T13:20:46.984445 #1353]  INFO -- : 0:  treetop (1.4.14) from /Users/jessicairgens/.rvm/gems/ruby-1.9.3-p448/specifications/treetop-1.4.14.gemspec
I, [2014-04-07T13:20:46.984932 #1353]  INFO -- : 0:  mail (2.5.4) from /Users/jessicairgens/.rvm/gems/ruby-1.9.3-p448/specifications/mail-2.5.4.gemspec
I, [2014-04-07T13:20:46.985757 #1353]  INFO -- : 0:  actionmailer (4.0.0) from /Users/jessicairgens/.rvm/gems/ruby-1.9.3-p448/specifications/actionmailer-4.0.0.gemspec
I, [2014-04-07T13:20:46.986319 #1353]  INFO -- : 0:  activemodel (4.0.0) from /Users/jessicairgens/.rvm/gems/ruby-1.9.3-p448/specifications/activemodel-4.0.0.gemspec
I, [2014-04-07T13:20:46.986832 #1353]  INFO -- : 0:  activerecord-deprecated_finders (1.0.3) from /Users/jessicairgens/.rvm/gems/ruby-1.9.3-p448/specifications/activerecord-deprecated_finders-1.0.3.gemspec
I, [2014-04-07T13:20:46.987347 #1353]  INFO -- : 0:  arel (4.0.0) from /Users/jessicairgens/.rvm/gems/ruby-1.9.3-p448/specifications/arel-4.0.0.gemspec
I, [2014-04-07T13:20:46.987865 #1353]  INFO -- : 0:  activerecord (4.0.0) from /Users/jessicairgens/.rvm/gems/ruby-1.9.3-p448/specifications/activerecord-4.0.0.gemspec
I, [2014-04-07T13:20:46.988529 #1353]  INFO -- : 0:  sass (3.2.9) from /Users/jessicairgens/.rvm/gems/ruby-1.9.3-p448/specifications/sass-3.2.9.gemspec
I, [2014-04-07T13:20:46.989041 #1353]  INFO -- : 0:  bootstrap-sass (2.3.2.0) from /Users/jessicairgens/.rvm/gems/ruby-1.9.3-p448/specifications/bootstrap-sass-2.3.2.0.gemspec
I, [2014-04-07T13:20:46.989544 #1353]  INFO -- : 0:  coderay (1.0.9) from /Users/jessicairgens/.rvm/gems/ruby-1.9.3-p448/specifications/coderay-1.0.9.gemspec
I, [2014-04-07T13:20:46.990079 #1353]  INFO -- : 0:  coffee-script-source (1.6.2) from /Users/jessicairgens/.rvm/gems/ruby-1.9.3-p448/specifications/coffee-script-source-1.6.2.gemspec
I, [2014-04-07T13:20:46.990576 #1353]  INFO -- : 0:  execjs (1.4.0) from /Users/jessicairgens/.rvm/gems/ruby-1.9.3-p448/specifications/execjs-1.4.0.gemspec
I, [2014-04-07T13:20:46.991074 #1353]  INFO -- : 0:  coffee-script (2.2.0) from /Users/jessicairgens/.rvm/gems/ruby-1.9.3-p448/specifications/coffee-script-2.2.0.gemspec
I, [2014-04-07T13:20:46.991573 #1353]  INFO -- : 0:  thor (0.18.1) from /Users/jessicairgens/.rvm/gems/ruby-1.9.3-p448/specifications/thor-0.18.1.gemspec
I, [2014-04-07T13:20:46.992058 #1353]  INFO -- : 0:  railties (4.0.0) from /Users/jessicairgens/.rvm/gems/ruby-1.9.3-p448/specifications/railties-4.0.0.gemspec
I, [2014-04-07T13:20:46.992551 #1353]  INFO -- : 0:  coffee-rails (4.0.0) from /Users/jessicairgens/.rvm/gems/ruby-1.9.3-p448/specifications/coffee-rails-4.0.0.gemspec
I, [2014-04-07T13:20:46.993041 #1353]  INFO -- : 0:  hike (1.2.3) from /Users/jessicairgens/.rvm/gems/ruby-1.9.3-p448/specifications/hike-1.2.3.gemspec
I, [2014-04-07T13:20:46.993536 #1353]  INFO -- : 0:  jbuilder (1.4.2) from /Users/jessicairgens/.rvm/gems/ruby-1.9.3-p448/specifications/jbuilder-1.4.2.gemspec
I, [2014-04-07T13:20:46.994033 #1353]  INFO -- : 0:  jquery-rails (3.0.1) from /Users/jessicairgens/.rvm/gems/ruby-1.9.3-p448/specifications/jquery-rails-3.0.1.gemspec
I, [2014-04-07T13:20:46.994570 #1353]  INFO -- : 0:  json (1.8.0) from /Users/jessicairgens/.rvm/gems/ruby-1.9.3-p448/specifications/json-1.8.0.gemspec
I, [2014-04-07T13:20:46.995120 #1353]  INFO -- : 0:  method_source (0.8.1) from /Users/jessicairgens/.rvm/gems/ruby-1.9.3-p448/specifications/method_source-0.8.1.gemspec
I, [2014-04-07T13:20:46.995658 #1353]  INFO -- : 0:  slop (3.4.5) from /Users/jessicairgens/.rvm/gems/ruby-1.9.3-p448/specifications/slop-3.4.5.gemspec
I, [2014-04-07T13:20:46.996173 #1353]  INFO -- : 0:  pry (0.9.12.2) from /Users/jessicairgens/.rvm/gems/ruby-1.9.3-p448/specifications/pry-0.9.12.2.gemspec
I, [2014-04-07T13:20:46.996647 #1353]  INFO -- : 0:  quiet_assets (1.0.2) from /Users/jessicairgens/.rvm/gems/ruby-1.9.3-p448/specifications/quiet_assets-1.0.2.gemspec
I, [2014-04-07T13:20:46.997118 #1353]  INFO -- : 0:  bundler (1.5.1) from /Users/jessicairgens/.rvm/gems/ruby-1.9.3-p448/specifications/bundler-1.5.1.gemspec
I, [2014-04-07T13:20:46.997608 #1353]  INFO -- : 0:  tilt (1.4.1) from /Users/jessicairgens/.rvm/gems/ruby-1.9.3-p448/specifications/tilt-1.4.1.gemspec
I, [2014-04-07T13:20:46.998143 #1353]  INFO -- : 0:  sprockets (2.10.0) from /Users/jessicairgens/.rvm/gems/ruby-1.9.3-p448/specifications/sprockets-2.10.0.gemspec
I, [2014-04-07T13:20:46.998681 #1353]  INFO -- : 0:  sprockets-rails (2.0.0) from /Users/jessicairgens/.rvm/gems/ruby-1.9.3-p448/specifications/sprockets-rails-2.0.0.gemspec
I, [2014-04-07T13:20:46.999172 #1353]  INFO -- : 0:  rails (4.0.0) from /Users/jessicairgens/.rvm/gems/ruby-1.9.3-p448/specifications/rails-4.0.0.gemspec
I, [2014-04-07T13:20:46.999667 #1353]  INFO -- : 0:  rdoc (3.12.2) from /Users/jessicairgens/.rvm/gems/ruby-1.9.3-p448/specifications/rdoc-3.12.2.gemspec
I, [2014-04-07T13:20:47.000154 #1353]  INFO -- : 0:  sass-rails (4.0.0) from /Users/jessicairgens/.rvm/gems/ruby-1.9.3-p448/specifications/sass-rails-4.0.0.gemspec
I, [2014-04-07T13:20:47.000641 #1353]  INFO -- : 0:  sdoc (0.3.20) from /Users/jessicairgens/.rvm/gems/ruby-1.9.3-p448/specifications/sdoc-0.3.20.gemspec
I, [2014-04-07T13:20:47.001170 #1353]  INFO -- : 0:  sqlite3 (1.3.7) from /Users/jessicairgens/.rvm/gems/ruby-1.9.3-p448/specifications/sqlite3-1.3.7.gemspec
I, [2014-04-07T13:20:47.001734 #1353]  INFO -- : 0:  turbolinks (1.2.0) from /Users/jessicairgens/.rvm/gems/ruby-1.9.3-p448/specifications/turbolinks-1.2.0.gemspec
I, [2014-04-07T13:20:47.002232 #1353]  INFO -- : 0:  uglifier (2.1.1) from /Users/jessicairgens/.rvm/gems/ruby-1.9.3-p448/specifications/uglifier-2.1.1.gemspec
I, [2014-05-05T16:17:47.607844 #2347]  INFO -- : 0:  rake (10.1.0) from /Users/jessicairgens/.rvm/gems/ruby-1.9.3-p448@global/specifications/rake-10.1.0.gemspec
I, [2014-05-05T16:17:47.626112 #2347]  INFO -- : 0:  i18n (0.6.4) from /Users/jessicairgens/.rvm/gems/ruby-1.9.3-p448/specifications/i18n-0.6.4.gemspec
I, [2014-05-05T16:17:47.626940 #2347]  INFO -- : 0:  minitest (4.7.5) from /Users/jessicairgens/.rvm/gems/ruby-1.9.3-p448/specifications/minitest-4.7.5.gemspec
I, [2014-05-05T16:17:47.627641 #2347]  INFO -- : 0:  multi_json (1.7.7) from /Users/jessicairgens/.rvm/gems/ruby-1.9.3-p448/specifications/multi_json-1.7.7.gemspec
I, [2014-05-05T16:17:47.628327 #2347]  INFO -- : 0:  atomic (1.1.10) from /Users/jessicairgens/.rvm/gems/ruby-1.9.3-p448/specifications/atomic-1.1.10.gemspec
I, [2014-05-05T16:17:47.629000 #2347]  INFO -- : 0:  thread_safe (0.1.0) from /Users/jessicairgens/.rvm/gems/ruby-1.9.3-p448/specifications/thread_safe-0.1.0.gemspec
I, [2014-05-05T16:17:47.630241 #2347]  INFO -- : 0:  tzinfo (0.3.37) from /Users/jessicairgens/.rvm/gems/ruby-1.9.3-p448/specifications/tzinfo-0.3.37.gemspec
I, [2014-05-05T16:17:47.631329 #2347]  INFO -- : 0:  activesupport (4.0.0) from /Users/jessicairgens/.rvm/gems/ruby-1.9.3-p448/specifications/activesupport-4.0.0.gemspec
I, [2014-05-05T16:17:47.632646 #2347]  INFO -- : 0:  builder (3.1.4) from /Users/jessicairgens/.rvm/gems/ruby-1.9.3-p448/specifications/builder-3.1.4.gemspec
I, [2014-05-05T16:17:47.633639 #2347]  INFO -- : 0:  erubis (2.7.0) from /Users/jessicairgens/.rvm/gems/ruby-1.9.3-p448/specifications/erubis-2.7.0.gemspec
I, [2014-05-05T16:17:47.644226 #2347]  INFO -- : 0:  rack (1.5.2) from /Users/jessicairgens/.rvm/gems/ruby-1.9.3-p448/specifications/rack-1.5.2.gemspec
I, [2014-05-05T16:17:47.644957 #2347]  INFO -- : 0:  rack-test (0.6.2) from /Users/jessicairgens/.rvm/gems/ruby-1.9.3-p448/specifications/rack-test-0.6.2.gemspec
I, [2014-05-05T16:17:47.645586 #2347]  INFO -- : 0:  actionpack (4.0.0) from /Users/jessicairgens/.rvm/gems/ruby-1.9.3-p448/specifications/actionpack-4.0.0.gemspec
I, [2014-05-05T16:17:47.646316 #2347]  INFO -- : 0:  mime-types (1.23) from /Users/jessicairgens/.rvm/gems/ruby-1.9.3-p448/specifications/mime-types-1.23.gemspec
I, [2014-05-05T16:17:47.646996 #2347]  INFO -- : 0:  polyglot (0.3.3) from /Users/jessicairgens/.rvm/gems/ruby-1.9.3-p448/specifications/polyglot-0.3.3.gemspec
I, [2014-05-05T16:17:47.647813 #2347]  INFO -- : 0:  treetop (1.4.14) from /Users/jessicairgens/.rvm/gems/ruby-1.9.3-p448/specifications/treetop-1.4.14.gemspec
I, [2014-05-05T16:17:47.649463 #2347]  INFO -- : 0:  mail (2.5.4) from /Users/jessicairgens/.rvm/gems/ruby-1.9.3-p448/specifications/mail-2.5.4.gemspec
I, [2014-05-05T16:17:47.650018 #2347]  INFO -- : 0:  actionmailer (4.0.0) from /Users/jessicairgens/.rvm/gems/ruby-1.9.3-p448/specifications/actionmailer-4.0.0.gemspec
I, [2014-05-05T16:17:47.650637 #2347]  INFO -- : 0:  activemodel (4.0.0) from /Users/jessicairgens/.rvm/gems/ruby-1.9.3-p448/specifications/activemodel-4.0.0.gemspec
I, [2014-05-05T16:17:47.651182 #2347]  INFO -- : 0:  activerecord-deprecated_finders (1.0.3) from /Users/jessicairgens/.rvm/gems/ruby-1.9.3-p448/specifications/activerecord-deprecated_finders-1.0.3.gemspec
I, [2014-05-05T16:17:47.653033 #2347]  INFO -- : 0:  arel (4.0.0) from /Users/jessicairgens/.rvm/gems/ruby-1.9.3-p448/specifications/arel-4.0.0.gemspec
I, [2014-05-05T16:17:47.653879 #2347]  INFO -- : 0:  activerecord (4.0.0) from /Users/jessicairgens/.rvm/gems/ruby-1.9.3-p448/specifications/activerecord-4.0.0.gemspec
I, [2014-05-05T16:17:47.654429 #2347]  INFO -- : 0:  bcrypt (3.1.7) from /Users/jessicairgens/.rvm/gems/ruby-1.9.3-p448/specifications/bcrypt-3.1.7.gemspec
I, [2014-05-05T16:17:47.655431 #2347]  INFO -- : 0:  bcrypt-ruby (3.1.5) from /Users/jessicairgens/.rvm/gems/ruby-1.9.3-p448/specifications/bcrypt-ruby-3.1.5.gemspec
I, [2014-05-05T16:17:47.656185 #2347]  INFO -- : 0:  sass (3.2.9) from /Users/jessicairgens/.rvm/gems/ruby-1.9.3-p448/specifications/sass-3.2.9.gemspec
I, [2014-05-05T16:17:47.657380 #2347]  INFO -- : 0:  bootstrap-sass (2.3.2.0) from /Users/jessicairgens/.rvm/gems/ruby-1.9.3-p448/specifications/bootstrap-sass-2.3.2.0.gemspec
I, [2014-05-05T16:17:47.658141 #2347]  INFO -- : 0:  bundler (1.5.1) from /Users/jessicairgens/.rvm/gems/ruby-1.9.3-p448/specifications/bundler-1.5.1.gemspec
I, [2014-05-05T16:17:47.658842 #2347]  INFO -- : 0:  coderay (1.0.9) from /Users/jessicairgens/.rvm/gems/ruby-1.9.3-p448/specifications/coderay-1.0.9.gemspec
I, [2014-05-05T16:17:47.659927 #2347]  INFO -- : 0:  coffee-script-source (1.6.2) from /Users/jessicairgens/.rvm/gems/ruby-1.9.3-p448/specifications/coffee-script-source-1.6.2.gemspec
I, [2014-05-05T16:17:47.661159 #2347]  INFO -- : 0:  execjs (1.4.0) from /Users/jessicairgens/.rvm/gems/ruby-1.9.3-p448/specifications/execjs-1.4.0.gemspec
I, [2014-05-05T16:17:47.663699 #2347]  INFO -- : 0:  coffee-script (2.2.0) from /Users/jessicairgens/.rvm/gems/ruby-1.9.3-p448/specifications/coffee-script-2.2.0.gemspec
I, [2014-05-05T16:17:47.664397 #2347]  INFO -- : 0:  thor (0.18.1) from /Users/jessicairgens/.rvm/gems/ruby-1.9.3-p448/specifications/thor-0.18.1.gemspec
I, [2014-05-05T16:17:47.665008 #2347]  INFO -- : 0:  railties (4.0.0) from /Users/jessicairgens/.rvm/gems/ruby-1.9.3-p448/specifications/railties-4.0.0.gemspec
I, [2014-05-05T16:17:47.665573 #2347]  INFO -- : 0:  coffee-rails (4.0.0) from /Users/jessicairgens/.rvm/gems/ruby-1.9.3-p448/specifications/coffee-rails-4.0.0.gemspec
I, [2014-05-05T16:17:47.666116 #2347]  INFO -- : 0:  hike (1.2.3) from /Users/jessicairgens/.rvm/gems/ruby-1.9.3-p448/specifications/hike-1.2.3.gemspec
I, [2014-05-05T16:17:47.666649 #2347]  INFO -- : 0:  jbuilder (1.4.2) from /Users/jessicairgens/.rvm/gems/ruby-1.9.3-p448/specifications/jbuilder-1.4.2.gemspec
I, [2014-05-05T16:17:47.667214 #2347]  INFO -- : 0:  jquery-rails (3.0.1) from /Users/jessicairgens/.rvm/gems/ruby-1.9.3-p448/specifications/jquery-rails-3.0.1.gemspec
I, [2014-05-05T16:17:47.667814 #2347]  INFO -- : 0:  json (1.8.0) from /Users/jessicairgens/.rvm/gems/ruby-1.9.3-p448/specifications/json-1.8.0.gemspec
I, [2014-05-05T16:17:47.668366 #2347]  INFO -- : 0:  method_source (0.8.1) from /Users/jessicairgens/.rvm/gems/ruby-1.9.3-p448/specifications/method_source-0.8.1.gemspec
I, [2014-05-05T16:17:47.669039 #2347]  INFO -- : 0:  slop (3.4.5) from /Users/jessicairgens/.rvm/gems/ruby-1.9.3-p448/specifications/slop-3.4.5.gemspec
I, [2014-05-05T16:17:47.669635 #2347]  INFO -- : 0:  pry (0.9.12.2) from /Users/jessicairgens/.rvm/gems/ruby-1.9.3-p448/specifications/pry-0.9.12.2.gemspec
I, [2014-05-05T16:17:47.670213 #2347]  INFO -- : 0:  quiet_assets (1.0.2) from /Users/jessicairgens/.rvm/gems/ruby-1.9.3-p448/specifications/quiet_assets-1.0.2.gemspec
I, [2014-05-05T16:17:47.670729 #2347]  INFO -- : 0:  tilt (1.4.1) from /Users/jessicairgens/.rvm/gems/ruby-1.9.3-p448/specifications/tilt-1.4.1.gemspec
I, [2014-05-05T16:17:47.671275 #2347]  INFO -- : 0:  sprockets (2.10.0) from /Users/jessicairgens/.rvm/gems/ruby-1.9.3-p448/specifications/sprockets-2.10.0.gemspec
I, [2014-05-05T16:17:47.671943 #2347]  INFO -- : 0:  sprockets-rails (2.0.0) from /Users/jessicairgens/.rvm/gems/ruby-1.9.3-p448/specifications/sprockets-rails-2.0.0.gemspec
I, [2014-05-05T16:17:47.672679 #2347]  INFO -- : 0:  rails (4.0.0) from /Users/jessicairgens/.rvm/gems/ruby-1.9.3-p448/specifications/rails-4.0.0.gemspec
I, [2014-05-05T16:17:47.673247 #2347]  INFO -- : 0:  rdoc (3.12.2) from /Users/jessicairgens/.rvm/gems/ruby-1.9.3-p448/specifications/rdoc-3.12.2.gemspec
I, [2014-05-05T16:17:47.673784 #2347]  INFO -- : 0:  sass-rails (4.0.0) from /Users/jessicairgens/.rvm/gems/ruby-1.9.3-p448/specifications/sass-rails-4.0.0.gemspec
I, [2014-05-05T16:17:47.674335 #2347]  INFO -- : 0:  sdoc (0.3.20) from /Users/jessicairgens/.rvm/gems/ruby-1.9.3-p448/specifications/sdoc-0.3.20.gemspec
I, [2014-05-05T16:17:47.674850 #2347]  INFO -- : 0:  sqlite3 (1.3.7) from /Users/jessicairgens/.rvm/gems/ruby-1.9.3-p448/specifications/sqlite3-1.3.7.gemspec
I, [2014-05-05T16:17:47.675393 #2347]  INFO -- : 0:  turbolinks (1.2.0) from /Users/jessicairgens/.rvm/gems/ruby-1.9.3-p448/specifications/turbolinks-1.2.0.gemspec
I, [2014-05-05T16:17:47.675999 #2347]  INFO -- : 0:  uglifier (2.1.1) from /Users/jessicairgens/.rvm/gems/ruby-1.9.3-p448/specifications/uglifier-2.1.1.gemspec
I, [2014-05-05T16:23:13.029805 #2415]  INFO -- : 0:  rake (10.1.0) from /Users/jessicairgens/.rvm/gems/ruby-1.9.3-p448@global/specifications/rake-10.1.0.gemspec
I, [2014-05-05T16:23:13.062528 #2415]  INFO -- : 0:  i18n (0.6.4) from /Users/jessicairgens/.rvm/gems/ruby-1.9.3-p448/specifications/i18n-0.6.4.gemspec
I, [2014-05-05T16:23:13.063343 #2415]  INFO -- : 0:  minitest (4.7.5) from /Users/jessicairgens/.rvm/gems/ruby-1.9.3-p448/specifications/minitest-4.7.5.gemspec
I, [2014-05-05T16:23:13.064004 #2415]  INFO -- : 0:  multi_json (1.7.7) from /Users/jessicairgens/.rvm/gems/ruby-1.9.3-p448/specifications/multi_json-1.7.7.gemspec
I, [2014-05-05T16:23:13.064626 #2415]  INFO -- : 0:  atomic (1.1.10) from /Users/jessicairgens/.rvm/gems/ruby-1.9.3-p448/specifications/atomic-1.1.10.gemspec
I, [2014-05-05T16:23:13.065251 #2415]  INFO -- : 0:  thread_safe (0.1.0) from /Users/jessicairgens/.rvm/gems/ruby-1.9.3-p448/specifications/thread_safe-0.1.0.gemspec
I, [2014-05-05T16:23:13.065869 #2415]  INFO -- : 0:  tzinfo (0.3.37) from /Users/jessicairgens/.rvm/gems/ruby-1.9.3-p448/specifications/tzinfo-0.3.37.gemspec
I, [2014-05-05T16:23:13.066493 #2415]  INFO -- : 0:  activesupport (4.0.0) from /Users/jessicairgens/.rvm/gems/ruby-1.9.3-p448/specifications/activesupport-4.0.0.gemspec
I, [2014-05-05T16:23:13.067117 #2415]  INFO -- : 0:  builder (3.1.4) from /Users/jessicairgens/.rvm/gems/ruby-1.9.3-p448/specifications/builder-3.1.4.gemspec
I, [2014-05-05T16:23:13.067737 #2415]  INFO -- : 0:  erubis (2.7.0) from /Users/jessicairgens/.rvm/gems/ruby-1.9.3-p448/specifications/erubis-2.7.0.gemspec
I, [2014-05-05T16:23:13.068388 #2415]  INFO -- : 0:  rack (1.5.2) from /Users/jessicairgens/.rvm/gems/ruby-1.9.3-p448/specifications/rack-1.5.2.gemspec
I, [2014-05-05T16:23:13.069030 #2415]  INFO -- : 0:  rack-test (0.6.2) from /Users/jessicairgens/.rvm/gems/ruby-1.9.3-p448/specifications/rack-test-0.6.2.gemspec
I, [2014-05-05T16:23:13.096983 #2415]  INFO -- : 0:  actionpack (4.0.0) from /Users/jessicairgens/.rvm/gems/ruby-1.9.3-p448/specifications/actionpack-4.0.0.gemspec
I, [2014-05-05T16:23:13.097628 #2415]  INFO -- : 0:  mime-types (1.23) from /Users/jessicairgens/.rvm/gems/ruby-1.9.3-p448/specifications/mime-types-1.23.gemspec
I, [2014-05-05T16:23:13.098157 #2415]  INFO -- : 0:  polyglot (0.3.3) from /Users/jessicairgens/.rvm/gems/ruby-1.9.3-p448/specifications/polyglot-0.3.3.gemspec
I, [2014-05-05T16:23:13.098690 #2415]  INFO -- : 0:  treetop (1.4.14) from /Users/jessicairgens/.rvm/gems/ruby-1.9.3-p448/specifications/treetop-1.4.14.gemspec
I, [2014-05-05T16:23:13.099184 #2415]  INFO -- : 0:  mail (2.5.4) from /Users/jessicairgens/.rvm/gems/ruby-1.9.3-p448/specifications/mail-2.5.4.gemspec
I, [2014-05-05T16:23:13.099722 #2415]  INFO -- : 0:  actionmailer (4.0.0) from /Users/jessicairgens/.rvm/gems/ruby-1.9.3-p448/specifications/actionmailer-4.0.0.gemspec
I, [2014-05-05T16:23:13.100240 #2415]  INFO -- : 0:  activemodel (4.0.0) from /Users/jessicairgens/.rvm/gems/ruby-1.9.3-p448/specifications/activemodel-4.0.0.gemspec
I, [2014-05-05T16:23:13.100760 #2415]  INFO -- : 0:  activerecord-deprecated_finders (1.0.3) from /Users/jessicairgens/.rvm/gems/ruby-1.9.3-p448/specifications/activerecord-deprecated_finders-1.0.3.gemspec
I, [2014-05-05T16:23:13.101277 #2415]  INFO -- : 0:  arel (4.0.0) from /Users/jessicairgens/.rvm/gems/ruby-1.9.3-p448/specifications/arel-4.0.0.gemspec
I, [2014-05-05T16:23:13.101800 #2415]  INFO -- : 0:  activerecord (4.0.0) from /Users/jessicairgens/.rvm/gems/ruby-1.9.3-p448/specifications/activerecord-4.0.0.gemspec
I, [2014-05-05T16:23:21.692055 #2415]  INFO -- : 0:  bcrypt-ruby (3.0.1) from /Users/jessicairgens/.rvm/gems/ruby-1.9.3-p448/specifications/bcrypt-ruby-3.0.1.gemspec
I, [2014-05-05T16:23:21.693573 #2415]  INFO -- : 0:  sass (3.2.9) from /Users/jessicairgens/.rvm/gems/ruby-1.9.3-p448/specifications/sass-3.2.9.gemspec
I, [2014-05-05T16:23:21.694644 #2415]  INFO -- : 0:  bootstrap-sass (2.3.2.0) from /Users/jessicairgens/.rvm/gems/ruby-1.9.3-p448/specifications/bootstrap-sass-2.3.2.0.gemspec
I, [2014-05-05T16:23:21.695707 #2415]  INFO -- : 0:  bundler (1.5.1) from /Users/jessicairgens/.rvm/gems/ruby-1.9.3-p448/specifications/bundler-1.5.1.gemspec
I, [2014-05-05T16:23:21.696765 #2415]  INFO -- : 0:  coderay (1.0.9) from /Users/jessicairgens/.rvm/gems/ruby-1.9.3-p448/specifications/coderay-1.0.9.gemspec
I, [2014-05-05T16:23:21.697875 #2415]  INFO -- : 0:  coffee-script-source (1.6.2) from /Users/jessicairgens/.rvm/gems/ruby-1.9.3-p448/specifications/coffee-script-source-1.6.2.gemspec
I, [2014-05-05T16:23:21.698943 #2415]  INFO -- : 0:  execjs (1.4.0) from /Users/jessicairgens/.rvm/gems/ruby-1.9.3-p448/specifications/execjs-1.4.0.gemspec
I, [2014-05-05T16:23:21.699755 #2415]  INFO -- : 0:  coffee-script (2.2.0) from /Users/jessicairgens/.rvm/gems/ruby-1.9.3-p448/specifications/coffee-script-2.2.0.gemspec
I, [2014-05-05T16:23:21.700495 #2415]  INFO -- : 0:  thor (0.18.1) from /Users/jessicairgens/.rvm/gems/ruby-1.9.3-p448/specifications/thor-0.18.1.gemspec
I, [2014-05-05T16:23:21.701275 #2415]  INFO -- : 0:  railties (4.0.0) from /Users/jessicairgens/.rvm/gems/ruby-1.9.3-p448/specifications/railties-4.0.0.gemspec
I, [2014-05-05T16:23:21.701963 #2415]  INFO -- : 0:  coffee-rails (4.0.0) from /Users/jessicairgens/.rvm/gems/ruby-1.9.3-p448/specifications/coffee-rails-4.0.0.gemspec
I, [2014-05-05T16:23:21.702705 #2415]  INFO -- : 0:  hike (1.2.3) from /Users/jessicairgens/.rvm/gems/ruby-1.9.3-p448/specifications/hike-1.2.3.gemspec
I, [2014-05-05T16:23:21.703492 #2415]  INFO -- : 0:  jbuilder (1.4.2) from /Users/jessicairgens/.rvm/gems/ruby-1.9.3-p448/specifications/jbuilder-1.4.2.gemspec
I, [2014-05-05T16:23:21.704236 #2415]  INFO -- : 0:  jquery-rails (3.0.1) from /Users/jessicairgens/.rvm/gems/ruby-1.9.3-p448/specifications/jquery-rails-3.0.1.gemspec
I, [2014-05-05T16:23:21.704915 #2415]  INFO -- : 0:  json (1.8.0) from /Users/jessicairgens/.rvm/gems/ruby-1.9.3-p448/specifications/json-1.8.0.gemspec
I, [2014-05-05T16:23:21.705634 #2415]  INFO -- : 0:  method_source (0.8.1) from /Users/jessicairgens/.rvm/gems/ruby-1.9.3-p448/specifications/method_source-0.8.1.gemspec
I, [2014-05-05T16:23:21.706337 #2415]  INFO -- : 0:  slop (3.4.5) from /Users/jessicairgens/.rvm/gems/ruby-1.9.3-p448/specifications/slop-3.4.5.gemspec
I, [2014-05-05T16:23:21.707091 #2415]  INFO -- : 0:  pry (0.9.12.2) from /Users/jessicairgens/.rvm/gems/ruby-1.9.3-p448/specifications/pry-0.9.12.2.gemspec
I, [2014-05-05T16:23:21.707802 #2415]  INFO -- : 0:  quiet_assets (1.0.2) from /Users/jessicairgens/.rvm/gems/ruby-1.9.3-p448/specifications/quiet_assets-1.0.2.gemspec
I, [2014-05-05T16:23:21.708460 #2415]  INFO -- : 0:  tilt (1.4.1) from /Users/jessicairgens/.rvm/gems/ruby-1.9.3-p448/specifications/tilt-1.4.1.gemspec
I, [2014-05-05T16:23:21.709126 #2415]  INFO -- : 0:  sprockets (2.10.0) from /Users/jessicairgens/.rvm/gems/ruby-1.9.3-p448/specifications/sprockets-2.10.0.gemspec
I, [2014-05-05T16:23:21.709837 #2415]  INFO -- : 0:  sprockets-rails (2.0.0) from /Users/jessicairgens/.rvm/gems/ruby-1.9.3-p448/specifications/sprockets-rails-2.0.0.gemspec
I, [2014-05-05T16:23:21.710514 #2415]  INFO -- : 0:  rails (4.0.0) from /Users/jessicairgens/.rvm/gems/ruby-1.9.3-p448/specifications/rails-4.0.0.gemspec
I, [2014-05-05T16:23:21.711170 #2415]  INFO -- : 0:  rdoc (3.12.2) from /Users/jessicairgens/.rvm/gems/ruby-1.9.3-p448/specifications/rdoc-3.12.2.gemspec
I, [2014-05-05T16:23:21.711800 #2415]  INFO -- : 0:  sass-rails (4.0.0) from /Users/jessicairgens/.rvm/gems/ruby-1.9.3-p448/specifications/sass-rails-4.0.0.gemspec
I, [2014-05-05T16:23:21.712435 #2415]  INFO -- : 0:  sdoc (0.3.20) from /Users/jessicairgens/.rvm/gems/ruby-1.9.3-p448/specifications/sdoc-0.3.20.gemspec
I, [2014-05-05T16:23:21.713068 #2415]  INFO -- : 0:  sqlite3 (1.3.7) from /Users/jessicairgens/.rvm/gems/ruby-1.9.3-p448/specifications/sqlite3-1.3.7.gemspec
I, [2014-05-05T16:23:21.713748 #2415]  INFO -- : 0:  turbolinks (1.2.0) from /Users/jessicairgens/.rvm/gems/ruby-1.9.3-p448/specifications/turbolinks-1.2.0.gemspec
I, [2014-05-05T16:23:21.714468 #2415]  INFO -- : 0:  uglifier (2.1.1) from /Users/jessicairgens/.rvm/gems/ruby-1.9.3-p448/specifications/uglifier-2.1.1.gemspec
